Added Component: Designator=*1(XTAL-ABS06)
Added Component: Designator=*2(Reed MK24-B-3)
Added Component: Designator=C1(0402)
Added Component: Designator=C2(0402)
Added Component: Designator=C3(0402)
Added Component: Designator=C4(0402)
Added Component: Designator=C5(0402)
Added Component: Designator=C6(0402)
Added Component: Designator=C7(0402)
Added Component: Designator=C8(0402)
Added Component: Designator=C9(0402)
Added Component: Designator=C10(Tant0805)
Added Component: Designator=C11(0402)
Added Component: Designator=C12(0402)
Added Component: Designator=C13(0603)
Added Component: Designator=C14(Tant0805)
Added Component: Designator=C15(Tant0805)
Added Component: Designator=C16(0603)
Added Component: Designator=C17(0402)
Added Component: Designator=C18(Tant0805)
Added Component: Designator=C19(0402)
Added Component: Designator=C20(0402)
Added Component: Designator=D1(DFLS130)
Added Component: Designator=D2(DFLS130)
Added Component: Designator=D3(Diode0603)
Added Component: Designator=L1(0805 (M2125) Ferrite)
Added Component: Designator=L2(Inductor KLZ1608AHR)
Added Component: Designator=L3(Inductor_NLV32T)
Added Component: Designator=L4(Inductor MLZ2012M220WT000)
Added Component: Designator=L5(Inductor KLZ1608AHR)
Added Component: Designator=P1(Molex microSD)
Added Component: Designator=P2(HDR_2x1_2mm)
Added Component: Designator=P3(PIEZO)
Added Component: Designator=P4(Header_2x5_50mil)
Added Component: Designator=P5(Hdr_4x1_2mm)
Added Component: Designator=P6(HDR_2x1_2mm)
Added Component: Designator=Q1(SOT-523)
Added Component: Designator=Q2(NXP-SOT323_N)
Added Component: Designator=R1(3-0603)
Added Component: Designator=R2(3-0603)
Added Component: Designator=R3(3-0603)
Added Component: Designator=R4(3-0603)
Added Component: Designator=R5(3-0603)
Added Component: Designator=R6(3-0603)
Added Component: Designator=R7(3-0603)
Added Component: Designator=R8(3-0603)
Added Component: Designator=U1(QFN127P600-8N)
Added Component: Designator=U2(MF05A_N)
Added Component: Designator=U3(*SON127P800X600X80-9N)
Added Component: Designator=U4(MF05A_N)
Added Component: Designator=U5(TPS6274x)
Added Component: Designator=U6(SOT-23-OT5_N)
Added Component: Designator=U7(LGA-12)
Added Component: Designator=U8(DHVQFN14)
Added Component: Designator=U9(DHVQFN14)
Added Component: Designator=U10(MS5837)
Added Component: Designator=U11(MMC33160MT)
Added Pin To Net: NetName=A4 Pin=R2-1
Added Pin To Net: NetName=A4 Pin=R3-2
Added Pin To Net: NetName=A4 Pin=U1-10
Added Net: Name=A4
Added Pin To Net: NetName=BURN Pin=Q1-1
Added Pin To Net: NetName=BURN Pin=U1-47
Added Net: Name=BURN
Added Pin To Net: NetName=BWIRE Pin=P2-1
Added Pin To Net: NetName=BWIRE Pin=Q1-3
Added Net: Name=BWIRE
Added Pin To Net: NetName=CS2 Pin=U1-28
Added Pin To Net: NetName=CS2 Pin=U3-1
Added Net: Name=CS2
Added Pin To Net: NetName=CS_LIS_1.8 Pin=U7-2
Added Pin To Net: NetName=CS_LIS_1.8 Pin=U8-4
Added Net: Name=CS_LIS_1.8
Added Pin To Net: NetName=CS_LIS Pin=U8-11
Added Net: Name=CS_LIS
Added Pin To Net: NetName=CS Pin=P1-2
Added Pin To Net: NetName=CS Pin=U1-27
Added Net: Name=CS
Added Pin To Net: NetName=D+ Pin=P5-2
Added Pin To Net: NetName=D+ Pin=U1-34
Added Net: Name=D+
Added Pin To Net: NetName=D- Pin=P5-3
Added Pin To Net: NetName=D- Pin=U1-33
Added Net: Name=D-
Added Pin To Net: NetName=GND Pin=C1-1
Added Pin To Net: NetName=GND Pin=C2-1
Added Pin To Net: NetName=GND Pin=C3-2
Added Pin To Net: NetName=GND Pin=C4-1
Added Pin To Net: NetName=GND Pin=C5-2
Added Pin To Net: NetName=GND Pin=C6-2
Added Pin To Net: NetName=GND Pin=C7-2
Added Pin To Net: NetName=GND Pin=C8-2
Added Pin To Net: NetName=GND Pin=C9-2
Added Pin To Net: NetName=GND Pin=C10-1
Added Pin To Net: NetName=GND Pin=C11-2
Added Pin To Net: NetName=GND Pin=C12-1
Added Pin To Net: NetName=GND Pin=C13-2
Added Pin To Net: NetName=GND Pin=C14-1
Added Pin To Net: NetName=GND Pin=C15-1
Added Pin To Net: NetName=GND Pin=C16-1
Added Pin To Net: NetName=GND Pin=C17-2
Added Pin To Net: NetName=GND Pin=C18-1
Added Pin To Net: NetName=GND Pin=C19-2
Added Pin To Net: NetName=GND Pin=C20-2
Added Pin To Net: NetName=GND Pin=P1-6
Added Pin To Net: NetName=GND Pin=P4-5
Added Pin To Net: NetName=GND Pin=P4-7
Added Pin To Net: NetName=GND Pin=P5-1
Added Pin To Net: NetName=GND Pin=P6-2
Added Pin To Net: NetName=GND Pin=Q1-2
Added Pin To Net: NetName=GND Pin=Q2-2
Added Pin To Net: NetName=GND Pin=R3-1
Added Pin To Net: NetName=GND Pin=R4-2
Added Pin To Net: NetName=GND Pin=R5-1
Added Pin To Net: NetName=GND Pin=U1-5
Added Pin To Net: NetName=GND Pin=U1-18
Added Pin To Net: NetName=GND Pin=U1-35
Added Pin To Net: NetName=GND Pin=U1-42
Added Pin To Net: NetName=GND Pin=U2-2
Added Pin To Net: NetName=GND Pin=U3-4
Added Pin To Net: NetName=GND Pin=U4-2
Added Pin To Net: NetName=GND Pin=U5-3
Added Pin To Net: NetName=GND Pin=U5-4
Added Pin To Net: NetName=GND Pin=U5-8
Added Pin To Net: NetName=GND Pin=U5-9
Added Pin To Net: NetName=GND Pin=U5-10
Added Pin To Net: NetName=GND Pin=U5-11
Added Pin To Net: NetName=GND Pin=U6-2
Added Pin To Net: NetName=GND Pin=U7-6
Added Pin To Net: NetName=GND Pin=U7-7
Added Pin To Net: NetName=GND Pin=U7-8
Added Pin To Net: NetName=GND Pin=U8-7
Added Pin To Net: NetName=GND Pin=U9-7
Added Pin To Net: NetName=GND Pin=U10-1
Added Net: Name=GND
Added Pin To Net: NetName=HVDD Pin=C10-2
Added Pin To Net: NetName=HVDD Pin=D1-K
Added Pin To Net: NetName=HVDD Pin=L3-1
Added Pin To Net: NetName=HVDD Pin=P3-1
Added Net: Name=HVDD
Added Pin To Net: NetName=INT1_1.8 Pin=U7-12
Added Pin To Net: NetName=INT1_1.8 Pin=U9-2
Added Net: Name=INT1_1.8
Added Pin To Net: NetName=INT1 Pin=U1-26
Added Pin To Net: NetName=INT1 Pin=U9-13
Added Net: Name=INT1
Added Pin To Net: NetName=INT2_1.8 Pin=U7-11
Added Pin To Net: NetName=INT2_1.8 Pin=U9-3
Added Net: Name=INT2_1.8
Added Pin To Net: NetName=INT2 Pin=U1-25
Added Pin To Net: NetName=INT2 Pin=U9-12
Added Net: Name=INT2
Added Pin To Net: NetName=LED1 Pin=U1-39
Added Net: Name=LED1
Added Pin To Net: NetName=MISO_1.8 Pin=U7-3
Added Pin To Net: NetName=MISO_1.8 Pin=U8-3
Added Net: Name=MISO_1.8
Added Pin To Net: NetName=MISO Pin=P1-7
Added Pin To Net: NetName=MISO Pin=U1-21
Added Pin To Net: NetName=MISO Pin=U3-2
Added Pin To Net: NetName=MISO Pin=U8-12
Added Net: Name=MISO
Added Pin To Net: NetName=MOSI_1.8 Pin=U7-4
Added Pin To Net: NetName=MOSI_1.8 Pin=U8-2
Added Net: Name=MOSI_1.8
Added Pin To Net: NetName=MOSI Pin=P1-3
Added Pin To Net: NetName=MOSI Pin=U1-19
Added Pin To Net: NetName=MOSI Pin=U3-5
Added Pin To Net: NetName=MOSI Pin=U8-13
Added Net: Name=MOSI
Added Pin To Net: NetName=Net*1_1 Pin=*1-1
Added Pin To Net: NetName=Net*1_1 Pin=C2-2
Added Pin To Net: NetName=Net*1_1 Pin=U1-2
Added Net: Name=Net*1_1
Added Pin To Net: NetName=Net*1_2 Pin=*1-2
Added Pin To Net: NetName=Net*1_2 Pin=C1-2
Added Pin To Net: NetName=Net*1_2 Pin=U1-1
Added Net: Name=Net*1_2
Added Pin To Net: NetName=NetC6_1 Pin=C6-1
Added Pin To Net: NetName=NetC6_1 Pin=U1-43
Added Net: Name=NetC6_1
Added Pin To Net: NetName=NetC14_2 Pin=C14-2
Added Pin To Net: NetName=NetC14_2 Pin=D2-K
Added Pin To Net: NetName=NetC14_2 Pin=R6-1
Added Pin To Net: NetName=NetC14_2 Pin=U6-4
Added Net: Name=NetC14_2
Added Pin To Net: NetName=NetD1_A Pin=D1-A
Added Pin To Net: NetName=NetD1_A Pin=L2-2
Added Net: Name=NetD1_A
Added Pin To Net: NetName=NetD3_A Pin=D3-A
Added Pin To Net: NetName=NetD3_A Pin=R6-2
Added Net: Name=NetD3_A
Added Pin To Net: NetName=NetD3_K Pin=D3-K
Added Pin To Net: NetName=NetD3_K Pin=U6-1
Added Net: Name=NetD3_K
Added Pin To Net: NetName=NetL1_1 Pin=L1-1
Added Pin To Net: NetName=NetL1_1 Pin=U1-6
Added Net: Name=NetL1_1
Added Pin To Net: NetName=NetL3_2 Pin=L3-2
Added Pin To Net: NetName=NetL3_2 Pin=L4-1
Added Net: Name=NetL3_2
Added Pin To Net: NetName=NetL5_2 Pin=L5-2
Added Pin To Net: NetName=NetL5_2 Pin=U5-2
Added Net: Name=NetL5_2
Added Pin To Net: NetName=NetR5_2 Pin=R5-2
Added Pin To Net: NetName=NetR5_2 Pin=U6-5
Added Net: Name=NetR5_2
Added Pin To Net: NetName=O2POW Pin=U1-13
Added Net: Name=O2POW
Added Pin To Net: NetName=PA20 Pin=U1-29
Added Net: Name=PA20
Added Pin To Net: NetName=PA21 Pin=U1-30
Added Net: Name=PA21
Added Pin To Net: NetName=PIEZO Pin=L4-2
Added Pin To Net: NetName=PIEZO Pin=P3-2
Added Pin To Net: NetName=PIEZO Pin=Q2-3
Added Net: Name=PIEZO
Added Pin To Net: NetName=PWM Pin=Q2-1
Added Net: Name=PWM
Added Pin To Net: NetName=RESET Pin=P4-2
Added Pin To Net: NetName=RESET Pin=R1-2
Added Pin To Net: NetName=RESET Pin=R4-1
Added Pin To Net: NetName=RESET Pin=U1-40
Added Net: Name=RESET
Added Pin To Net: NetName=SCK_1.8 Pin=U7-1
Added Pin To Net: NetName=SCK_1.8 Pin=U8-5
Added Net: Name=SCK_1.8
Added Pin To Net: NetName=SCK Pin=P1-5
Added Pin To Net: NetName=SCK Pin=U1-20
Added Pin To Net: NetName=SCK Pin=U3-6
Added Pin To Net: NetName=SCK Pin=U8-10
Added Net: Name=SCK
Added Pin To Net: NetName=SCL Pin=R8-1
Added Pin To Net: NetName=SCL Pin=U1-32
Added Pin To Net: NetName=SCL Pin=U10-3
Added Net: Name=SCL
Added Pin To Net: NetName=SD_POW Pin=U1-48
Added Pin To Net: NetName=SD_POW Pin=U2-3
Added Net: Name=SD_POW
Added Pin To Net: NetName=SD_VCC Pin=C3-1
Added Pin To Net: NetName=SD_VCC Pin=P1-4
Added Pin To Net: NetName=SD_VCC Pin=U2-5
Added Net: Name=SD_VCC
Added Pin To Net: NetName=SDA Pin=R7-2
Added Pin To Net: NetName=SDA Pin=U1-31
Added Pin To Net: NetName=SDA Pin=U10-4
Added Net: Name=SDA
Added Pin To Net: NetName=SWCLK Pin=P4-8
Added Pin To Net: NetName=SWCLK Pin=U1-45
Added Net: Name=SWCLK
Added Pin To Net: NetName=SWDIO Pin=P4-10
Added Pin To Net: NetName=SWDIO Pin=U1-46
Added Net: Name=SWDIO
Added Pin To Net: NetName=V1.8 Pin=C16-2
Added Pin To Net: NetName=V1.8 Pin=C17-1
Added Pin To Net: NetName=V1.8 Pin=C18-2
Added Pin To Net: NetName=V1.8 Pin=C19-1
Added Pin To Net: NetName=V1.8 Pin=L5-1
Added Pin To Net: NetName=V1.8 Pin=U5-5
Added Pin To Net: NetName=V1.8 Pin=U7-9
Added Pin To Net: NetName=V1.8 Pin=U7-10
Added Pin To Net: NetName=V1.8 Pin=U8-1
Added Pin To Net: NetName=V1.8 Pin=U9-1
Added Net: Name=V1.8
Added Pin To Net: NetName=V_BATT Pin=*2-1
Added Pin To Net: NetName=V_BATT Pin=C15-2
Added Pin To Net: NetName=V_BATT Pin=P6-1
Added Pin To Net: NetName=V_BATT Pin=U6-3
Added Net: Name=V_BATT
Added Pin To Net: NetName=VBUS Pin=D2-A
Added Pin To Net: NetName=VBUS Pin=P5-4
Added Net: Name=VBUS
Added Pin To Net: NetName=VCC Pin=C5-1
Added Pin To Net: NetName=VCC Pin=C7-1
Added Pin To Net: NetName=VCC Pin=C8-1
Added Pin To Net: NetName=VCC Pin=C9-1
Added Pin To Net: NetName=VCC Pin=C11-1
Added Pin To Net: NetName=VCC Pin=C20-1
Added Pin To Net: NetName=VCC Pin=L1-2
Added Pin To Net: NetName=VCC Pin=P4-9
Added Pin To Net: NetName=VCC Pin=R1-1
Added Pin To Net: NetName=VCC Pin=R7-1
Added Pin To Net: NetName=VCC Pin=R8-2
Added Pin To Net: NetName=VCC Pin=U1-17
Added Pin To Net: NetName=VCC Pin=U1-36
Added Pin To Net: NetName=VCC Pin=U1-44
Added Pin To Net: NetName=VCC Pin=U3-3
Added Pin To Net: NetName=VCC Pin=U3-7
Added Pin To Net: NetName=VCC Pin=U3-8
Added Pin To Net: NetName=VCC Pin=U4-5
Added Pin To Net: NetName=VCC Pin=U8-8
Added Pin To Net: NetName=VCC Pin=U8-14
Added Pin To Net: NetName=VCC Pin=U9-8
Added Pin To Net: NetName=VCC Pin=U9-14
Added Pin To Net: NetName=VCC Pin=U10-2
Added Net: Name=VCC
Added Pin To Net: NetName=VIN Pin=*2-2
Added Pin To Net: NetName=VIN Pin=C13-1
Added Pin To Net: NetName=VIN Pin=L2-1
Added Pin To Net: NetName=VIN Pin=P2-2
Added Pin To Net: NetName=VIN Pin=R2-2
Added Pin To Net: NetName=VIN Pin=U2-1
Added Pin To Net: NetName=VIN Pin=U4-1
Added Pin To Net: NetName=VIN Pin=U4-3
Added Pin To Net: NetName=VIN Pin=U5-1
Added Pin To Net: NetName=VIN Pin=U5-12
Added Net: Name=VIN
Added Class: Name=TMTGP_Sensors
Added Class: Name=TMTGP
Added Room: Name=TMTGP
Added Room: Name=TMTGP_Sensors
